ERROR - 2026-04-26 04:57:34 --> Table 'inggeinc_marvifet.departamento' doesn't exist
in SYSTEMPATH\Database\MySQLi\Connection.php on line 300.
 1 SYSTEMPATH\Database\MySQLi\Connection.php(300): mysqli->query('SELECT `d`.`num_departamento`, `l`.`ruta_pdf`, `l`.`id_lectura`
FROM `departamento` `d`
LEFT JOIN `lectura` `l` ON `l`.`id_departamento` = `d`.`id_departamento` AND `l`.`periodo` = \'26-03-2026 26-04-2026\'
WHERE `d`.`id_edificio` = \'19\'', 0)
 2 SYSTEMPATH\Database\BaseConnection.php(910): CodeIgniter\Database\MySQLi\Connection->execute('SELECT `d`.`num_departamento`, `l`.`ruta_pdf`, `l`.`id_lectura`
FROM `departamento` `d`
LEFT JOIN `lectura` `l` ON `l`.`id_departamento` = `d`.`id_departamento` AND `l`.`periodo` = \'26-03-2026 26-04-2026\'
WHERE `d`.`id_edificio` = \'19\'')
 3 SYSTEMPATH\Database\BaseConnection.php(827): CodeIgniter\Database\BaseConnection->simpleQuery('SELECT `d`.`num_departamento`, `l`.`ruta_pdf`, `l`.`id_lectura`
FROM `departamento` `d`
LEFT JOIN `lectura` `l` ON `l`.`id_departamento` = `d`.`id_departamento` AND `l`.`periodo` = \'26-03-2026 26-04-2026\'
WHERE `d`.`id_edificio` = \'19\'')
 4 SYSTEMPATH\Database\BaseBuilder.php(1649): CodeIgniter\Database\BaseConnection->query('SELECT `d`.`num_departamento`, `l`.`ruta_pdf`, `l`.`id_lectura`
FROM `departamento` `d`
LEFT JOIN `lectura` `l` ON `l`.`id_departamento` = `d`.`id_departamento` AND `l`.`periodo` = \'26-03-2026 26-04-2026\'
WHERE `d`.`id_edificio` = :d.id_edificio:', [...], false)
 5 APPPATH\Models\LecturaModel.php(162): CodeIgniter\Database\BaseBuilder->get()
 6 APPPATH\Controllers\Historial.php(406): App\Models\LecturaModel->getPdfsByEdificio('19', '26-03-2026 26-04-2026')
 7 SYSTEMPATH\CodeIgniter.php(951): App\Controllers\Historial->descargarZIP('19')
 8 SYSTEMPATH\CodeIgniter.php(497): CodeIgniter\CodeIgniter->runController(Object(App\Controllers\Historial))
 9 SYSTEMPATH\CodeIgniter.php(340): CodeIgniter\CodeIgniter->handleRequest(null, Object(Config\Cache), false)
10 SYSTEMPATH\Boot.php(417): CodeIgniter\CodeIgniter->run()
11 SYSTEMPATH\Boot.php(68): CodeIgniter\Boot::runCodeIgniter(Object(CodeIgniter\CodeIgniter))
12 FCPATH\index.php(59): CodeIgniter\Boot::bootWeb(Object(Config\Paths))
ERROR - 2026-04-26 04:57:34 --> [Historial] Error descargarZIP: Table 'inggeinc_marvifet.departamento' doesn't exist
ERROR - 2026-04-26 04:58:04 --> Table 'inggeinc_marvifet.departamento' doesn't exist
in SYSTEMPATH\Database\MySQLi\Connection.php on line 300.
 1 SYSTEMPATH\Database\MySQLi\Connection.php(300): mysqli->query('SELECT `d`.`num_departamento`, `l`.`ruta_pdf`, `l`.`id_lectura`
FROM `departamento` `d`
LEFT JOIN `lectura` `l` ON `l`.`id_departamento` = `d`.`id_departamento` AND `l`.`periodo` = \'26-03-2026 26-04-2026\'
WHERE `d`.`id_edificio` = \'19\'', 0)
 2 SYSTEMPATH\Database\BaseConnection.php(910): CodeIgniter\Database\MySQLi\Connection->execute('SELECT `d`.`num_departamento`, `l`.`ruta_pdf`, `l`.`id_lectura`
FROM `departamento` `d`
LEFT JOIN `lectura` `l` ON `l`.`id_departamento` = `d`.`id_departamento` AND `l`.`periodo` = \'26-03-2026 26-04-2026\'
WHERE `d`.`id_edificio` = \'19\'')
 3 SYSTEMPATH\Database\BaseConnection.php(827): CodeIgniter\Database\BaseConnection->simpleQuery('SELECT `d`.`num_departamento`, `l`.`ruta_pdf`, `l`.`id_lectura`
FROM `departamento` `d`
LEFT JOIN `lectura` `l` ON `l`.`id_departamento` = `d`.`id_departamento` AND `l`.`periodo` = \'26-03-2026 26-04-2026\'
WHERE `d`.`id_edificio` = \'19\'')
 4 SYSTEMPATH\Database\BaseBuilder.php(1649): CodeIgniter\Database\BaseConnection->query('SELECT `d`.`num_departamento`, `l`.`ruta_pdf`, `l`.`id_lectura`
FROM `departamento` `d`
LEFT JOIN `lectura` `l` ON `l`.`id_departamento` = `d`.`id_departamento` AND `l`.`periodo` = \'26-03-2026 26-04-2026\'
WHERE `d`.`id_edificio` = :d.id_edificio:', [...], false)
 5 APPPATH\Models\LecturaModel.php(162): CodeIgniter\Database\BaseBuilder->get()
 6 APPPATH\Controllers\Historial.php(406): App\Models\LecturaModel->getPdfsByEdificio('19', '26-03-2026 26-04-2026')
 7 SYSTEMPATH\CodeIgniter.php(951): App\Controllers\Historial->descargarZIP('19')
 8 SYSTEMPATH\CodeIgniter.php(497): CodeIgniter\CodeIgniter->runController(Object(App\Controllers\Historial))
 9 SYSTEMPATH\CodeIgniter.php(340): CodeIgniter\CodeIgniter->handleRequest(null, Object(Config\Cache), false)
10 SYSTEMPATH\Boot.php(417): CodeIgniter\CodeIgniter->run()
11 SYSTEMPATH\Boot.php(68): CodeIgniter\Boot::runCodeIgniter(Object(CodeIgniter\CodeIgniter))
12 FCPATH\index.php(59): CodeIgniter\Boot::bootWeb(Object(Config\Paths))
ERROR - 2026-04-26 04:58:04 --> [Historial] Error descargarZIP: Table 'inggeinc_marvifet.departamento' doesn't exist
ERROR - 2026-04-26 04:58:55 --> [Historial] Error descargarZIP: Undefined array key "id_departamento"
ERROR - 2026-04-26 05:36:13 --> Unknown column 'activo' in 'where clause'
in SYSTEMPATH\Database\MySQLi\Connection.php on line 300.
 1 SYSTEMPATH\Database\MySQLi\Connection.php(300): mysqli->query('SELECT *
FROM `cortes`
WHERE `activo` = 1
 LIMIT 1', 0)
 2 SYSTEMPATH\Database\BaseConnection.php(910): CodeIgniter\Database\MySQLi\Connection->execute('SELECT *
FROM `cortes`
WHERE `activo` = 1
 LIMIT 1')
 3 SYSTEMPATH\Database\BaseConnection.php(827): CodeIgniter\Database\BaseConnection->simpleQuery('SELECT *
FROM `cortes`
WHERE `activo` = 1
 LIMIT 1')
 4 SYSTEMPATH\Database\BaseBuilder.php(1649): CodeIgniter\Database\BaseConnection->query('SELECT *
FROM `cortes`
WHERE `activo` = :activo:
 LIMIT 1', [...], false)
 5 SYSTEMPATH\Model.php(295): CodeIgniter\Database\BaseBuilder->get()
 6 SYSTEMPATH\BaseModel.php(714): CodeIgniter\Model->doFirst()
 7 APPPATH\Controllers\Historial.php(497): CodeIgniter\BaseModel->first()
 8 SYSTEMPATH\CodeIgniter.php(951): App\Controllers\Historial->buscar()
 9 SYSTEMPATH\CodeIgniter.php(497): CodeIgniter\CodeIgniter->runController(Object(App\Controllers\Historial))
10 SYSTEMPATH\CodeIgniter.php(340): CodeIgniter\CodeIgniter->handleRequest(null, Object(Config\Cache), false)
11 SYSTEMPATH\Boot.php(417): CodeIgniter\CodeIgniter->run()
12 SYSTEMPATH\Boot.php(68): CodeIgniter\Boot::runCodeIgniter(Object(CodeIgniter\CodeIgniter))
13 FCPATH\index.php(59): CodeIgniter\Boot::bootWeb(Object(Config\Paths))
CRITICAL - 2026-04-26 05:36:13 --> CodeIgniter\Database\Exceptions\DatabaseException: Unknown column 'activo' in 'where clause'
[Method: GET, Route: api/historial/buscar]
in SYSTEMPATH\Database\BaseConnection.php on line 865.
 1 SYSTEMPATH\Database\BaseBuilder.php(1649): CodeIgniter\Database\BaseConnection->query('SELECT *
FROM `cortes`
WHERE `activo` = :activo:
 LIMIT 1', [...], false)
 2 SYSTEMPATH\Model.php(295): CodeIgniter\Database\BaseBuilder->get()
 3 SYSTEMPATH\BaseModel.php(714): CodeIgniter\Model->doFirst()
 4 APPPATH\Controllers\Historial.php(497): CodeIgniter\BaseModel->first()
 5 SYSTEMPATH\CodeIgniter.php(951): App\Controllers\Historial->buscar()
 6 SYSTEMPATH\CodeIgniter.php(497): CodeIgniter\CodeIgniter->runController(Object(App\Controllers\Historial))
 7 SYSTEMPATH\CodeIgniter.php(340): CodeIgniter\CodeIgniter->handleRequest(null, Object(Config\Cache), false)
 8 SYSTEMPATH\Boot.php(417): CodeIgniter\CodeIgniter->run()
 9 SYSTEMPATH\Boot.php(68): CodeIgniter\Boot::runCodeIgniter(Object(CodeIgniter\CodeIgniter))
10 FCPATH\index.php(59): CodeIgniter\Boot::bootWeb(Object(Config\Paths))
CRITICAL - 2026-04-26 05:36:13 --> [Caused by] CodeIgniter\Database\Exceptions\DatabaseException: Unknown column 'activo' in 'where clause'
in SYSTEMPATH\Database\MySQLi\Connection.php on line 310.
 1 SYSTEMPATH\Database\BaseConnection.php(910): CodeIgniter\Database\MySQLi\Connection->execute('SELECT *
FROM `cortes`
WHERE `activo` = 1
 LIMIT 1')
 2 SYSTEMPATH\Database\BaseConnection.php(827): CodeIgniter\Database\BaseConnection->simpleQuery('SELECT *
FROM `cortes`
WHERE `activo` = 1
 LIMIT 1')
 3 SYSTEMPATH\Database\BaseBuilder.php(1649): CodeIgniter\Database\BaseConnection->query('SELECT *
FROM `cortes`
WHERE `activo` = :activo:
 LIMIT 1', [...], false)
 4 SYSTEMPATH\Model.php(295): CodeIgniter\Database\BaseBuilder->get()
 5 SYSTEMPATH\BaseModel.php(714): CodeIgniter\Model->doFirst()
 6 APPPATH\Controllers\Historial.php(497): CodeIgniter\BaseModel->first()
 7 SYSTEMPATH\CodeIgniter.php(951): App\Controllers\Historial->buscar()
 8 SYSTEMPATH\CodeIgniter.php(497): CodeIgniter\CodeIgniter->runController(Object(App\Controllers\Historial))
 9 SYSTEMPATH\CodeIgniter.php(340): CodeIgniter\CodeIgniter->handleRequest(null, Object(Config\Cache), false)
10 SYSTEMPATH\Boot.php(417): CodeIgniter\CodeIgniter->run()
11 SYSTEMPATH\Boot.php(68): CodeIgniter\Boot::runCodeIgniter(Object(CodeIgniter\CodeIgniter))
12 FCPATH\index.php(59): CodeIgniter\Boot::bootWeb(Object(Config\Paths))
CRITICAL - 2026-04-26 05:36:13 --> [Caused by] mysqli_sql_exception: Unknown column 'activo' in 'where clause'
in SYSTEMPATH\Database\MySQLi\Connection.php on line 300.
 1 SYSTEMPATH\Database\MySQLi\Connection.php(300): mysqli->query('SELECT *
FROM `cortes`
WHERE `activo` = 1
 LIMIT 1', 0)
 2 SYSTEMPATH\Database\BaseConnection.php(910): CodeIgniter\Database\MySQLi\Connection->execute('SELECT *
FROM `cortes`
WHERE `activo` = 1
 LIMIT 1')
 3 SYSTEMPATH\Database\BaseConnection.php(827): CodeIgniter\Database\BaseConnection->simpleQuery('SELECT *
FROM `cortes`
WHERE `activo` = 1
 LIMIT 1')
 4 SYSTEMPATH\Database\BaseBuilder.php(1649): CodeIgniter\Database\BaseConnection->query('SELECT *
FROM `cortes`
WHERE `activo` = :activo:
 LIMIT 1', [...], false)
 5 SYSTEMPATH\Model.php(295): CodeIgniter\Database\BaseBuilder->get()
 6 SYSTEMPATH\BaseModel.php(714): CodeIgniter\Model->doFirst()
 7 APPPATH\Controllers\Historial.php(497): CodeIgniter\BaseModel->first()
 8 SYSTEMPATH\CodeIgniter.php(951): App\Controllers\Historial->buscar()
 9 SYSTEMPATH\CodeIgniter.php(497): CodeIgniter\CodeIgniter->runController(Object(App\Controllers\Historial))
10 SYSTEMPATH\CodeIgniter.php(340): CodeIgniter\CodeIgniter->handleRequest(null, Object(Config\Cache), false)
11 SYSTEMPATH\Boot.php(417): CodeIgniter\CodeIgniter->run()
12 SYSTEMPATH\Boot.php(68): CodeIgniter\Boot::runCodeIgniter(Object(CodeIgniter\CodeIgniter))
13 FCPATH\index.php(59): CodeIgniter\Boot::bootWeb(Object(Config\Paths))
CRITICAL - 2026-04-26 21:40:49 --> ParseError: syntax error, unexpected token "private", expecting end of file
[Method: GET, Route: api/historial/edificio/198]
in APPPATH\Controllers\Historial.php on line 386.
 1 SYSTEMPATH\Autoloader\Autoloader.php(295): CodeIgniter\Autoloader\Autoloader->includeFile('C:\\xampp\\htdocs\\marvifet_inn\\apis_marvi\\app\\Controllers\\Historial.php')
 2 SYSTEMPATH\Autoloader\Autoloader.php(271): CodeIgniter\Autoloader\Autoloader->loadInNamespace('App\\Controllers\\Historial')
 3 [internal function]: CodeIgniter\Autoloader\Autoloader->loadClass('App\\Controllers\\Historial')
 4 SYSTEMPATH\Router\Router.php(792): class_exists('\\App\\Controllers\\Historial')
 5 SYSTEMPATH\Router\Router.php(230): CodeIgniter\Router\Router->processRouteAttributes()
 6 SYSTEMPATH\CodeIgniter.php(829): CodeIgniter\Router\Router->handle('api/historial/edificio/198')
 7 SYSTEMPATH\CodeIgniter.php(441): CodeIgniter\CodeIgniter->tryToRouteIt(Object(CodeIgniter\Router\RouteCollection))
 8 SYSTEMPATH\CodeIgniter.php(340): CodeIgniter\CodeIgniter->handleRequest(null, Object(Config\Cache), false)
 9 SYSTEMPATH\Boot.php(417): CodeIgniter\CodeIgniter->run()
10 SYSTEMPATH\Boot.php(68): CodeIgniter\Boot::runCodeIgniter(Object(CodeIgniter\CodeIgniter))
11 FCPATH\index.php(59): CodeIgniter\Boot::bootWeb(Object(Config\Paths))
CRITICAL - 2026-04-26 21:41:00 --> ParseError: syntax error, unexpected token "private", expecting end of file
[Method: GET, Route: api/historial/edificio/198]
in APPPATH\Controllers\Historial.php on line 386.
 1 SYSTEMPATH\Autoloader\Autoloader.php(295): CodeIgniter\Autoloader\Autoloader->includeFile('C:\\xampp\\htdocs\\marvifet_inn\\apis_marvi\\app\\Controllers\\Historial.php')
 2 SYSTEMPATH\Autoloader\Autoloader.php(271): CodeIgniter\Autoloader\Autoloader->loadInNamespace('App\\Controllers\\Historial')
 3 [internal function]: CodeIgniter\Autoloader\Autoloader->loadClass('App\\Controllers\\Historial')
 4 SYSTEMPATH\Router\Router.php(792): class_exists('\\App\\Controllers\\Historial')
 5 SYSTEMPATH\Router\Router.php(230): CodeIgniter\Router\Router->processRouteAttributes()
 6 SYSTEMPATH\CodeIgniter.php(829): CodeIgniter\Router\Router->handle('api/historial/edificio/198')
 7 SYSTEMPATH\CodeIgniter.php(441): CodeIgniter\CodeIgniter->tryToRouteIt(Object(CodeIgniter\Router\RouteCollection))
 8 SYSTEMPATH\CodeIgniter.php(340): CodeIgniter\CodeIgniter->handleRequest(null, Object(Config\Cache), false)
 9 SYSTEMPATH\Boot.php(417): CodeIgniter\CodeIgniter->run()
10 SYSTEMPATH\Boot.php(68): CodeIgniter\Boot::runCodeIgniter(Object(CodeIgniter\CodeIgniter))
11 FCPATH\index.php(59): CodeIgniter\Boot::bootWeb(Object(Config\Paths))
ERROR - 2026-04-26 21:53:51 --> [Historial] Error MVC getDetails: Undefined property: App\Controllers\Historial::$edificioModel
ERROR - 2026-04-26 21:54:16 --> [Historial] Error MVC getDetails: Undefined property: App\Controllers\Historial::$edificioModel
ERROR - 2026-04-26 22:29:16 --> Unknown column 'l.pagado' in 'field list'
in SYSTEMPATH\Database\MySQLi\Connection.php on line 300.
 1 SYSTEMPATH\Database\MySQLi\Connection.php(300): mysqli->query('SELECT `departamentos`.`id_departamento`, `departamentos`.`num_departamento`, `departamentos`.`id_edificio`, `c`.`nombre`, `c`.`ape_pat`, `c`.`ape_mat`, `c`.`correo`, `l`.`id_lectura`, COALESCE(l.lectura_ini, 0) as lectura_ini, COALESCE(l.lectura_fin, 0) as lectura_fin, COALESCE(l.consumo_m3, 0) as consumo_m3, COALESCE(l.consumos_litros, 0) as consumos_litros, COALESCE(l.total_a_pagar, 0) as total_a_pagar, `l`.`periodo`, `l`.`pagado`, `e`.`num_edificio` as `nombre_edificio`, (
                            SELECT SUM(CASE WHEN m.tipo = \'cargo\' THEN m.monto ELSE -m.monto END)
                            FROM movimientos m
                            WHERE m.id_departamento = departamentos.id_departamento
                            AND m.referencia_id = l.id_lectura
                            AND m.referencia_tipo = \'lectura\'
                        ) as saldo_pendiente
FROM `departamentos`
LEFT JOIN `clientes` `c` ON `departamentos`.`id_cliente` = `c`.`id_cliente`
LEFT JOIN `edificios` `e` ON `departamentos`.`id_edificio` = `e`.`id_edificio`
LEFT JOIN `lectura` `l` ON `departamentos`.`id_departamento` = `l`.`id_departamento` AND `l`.`periodo` = \'26-03-2026 26-04-2026\'
WHERE `departamentos`.`id_edificio` = \'198\'
ORDER BY `departamentos`.`id_departamento` ASC', 0)
 2 SYSTEMPATH\Database\BaseConnection.php(910): CodeIgniter\Database\MySQLi\Connection->execute('SELECT `departamentos`.`id_departamento`, `departamentos`.`num_departamento`, `departamentos`.`id_edificio`, `c`.`nombre`, `c`.`ape_pat`, `c`.`ape_mat`, `c`.`correo`, `l`.`id_lectura`, COALESCE(l.lectura_ini, 0) as lectura_ini, COALESCE(l.lectura_fin, 0) as lectura_fin, COALESCE(l.consumo_m3, 0) as consumo_m3, COALESCE(l.consumos_litros, 0) as consumos_litros, COALESCE(l.total_a_pagar, 0) as total_a_pagar, `l`.`periodo`, `l`.`pagado`, `e`.`num_edificio` as `nombre_edificio`, (
                            SELECT SUM(CASE WHEN m.tipo = \'cargo\' THEN m.monto ELSE -m.monto END)
                            FROM movimientos m
                            WHERE m.id_departamento = departamentos.id_departamento
                            AND m.referencia_id = l.id_lectura
                            AND m.referencia_tipo = \'lectura\'
                        ) as saldo_pendiente
FROM `departamentos`
LEFT JOIN `clientes` `c` ON `departamentos`.`id_cliente` = `c`.`id_cliente`
LEFT JOIN `edificios` `e` ON `departamentos`.`id_edificio` = `e`.`id_edificio`
LEFT JOIN `lectura` `l` ON `departamentos`.`id_departamento` = `l`.`id_departamento` AND `l`.`periodo` = \'26-03-2026 26-04-2026\'
WHERE `departamentos`.`id_edificio` = \'198\'
ORDER BY `departamentos`.`id_departamento` ASC')
 3 SYSTEMPATH\Database\BaseConnection.php(827): CodeIgniter\Database\BaseConnection->simpleQuery('SELECT `departamentos`.`id_departamento`, `departamentos`.`num_departamento`, `departamentos`.`id_edificio`, `c`.`nombre`, `c`.`ape_pat`, `c`.`ape_mat`, `c`.`correo`, `l`.`id_lectura`, COALESCE(l.lectura_ini, 0) as lectura_ini, COALESCE(l.lectura_fin, 0) as lectura_fin, COALESCE(l.consumo_m3, 0) as consumo_m3, COALESCE(l.consumos_litros, 0) as consumos_litros, COALESCE(l.total_a_pagar, 0) as total_a_pagar, `l`.`periodo`, `l`.`pagado`, `e`.`num_edificio` as `nombre_edificio`, (
                            SELECT SUM(CASE WHEN m.tipo = \'cargo\' THEN m.monto ELSE -m.monto END)
                            FROM movimientos m
                            WHERE m.id_departamento = departamentos.id_departamento
                            AND m.referencia_id = l.id_lectura
                            AND m.referencia_tipo = \'lectura\'
                        ) as saldo_pendiente
FROM `departamentos`
LEFT JOIN `clientes` `c` ON `departamentos`.`id_cliente` = `c`.`id_cliente`
LEFT JOIN `edificios` `e` ON `departamentos`.`id_edificio` = `e`.`id_edificio`
LEFT JOIN `lectura` `l` ON `departamentos`.`id_departamento` = `l`.`id_departamento` AND `l`.`periodo` = \'26-03-2026 26-04-2026\'
WHERE `departamentos`.`id_edificio` = \'198\'
ORDER BY `departamentos`.`id_departamento` ASC')
 4 SYSTEMPATH\Database\BaseBuilder.php(1649): CodeIgniter\Database\BaseConnection->query('SELECT `departamentos`.`id_departamento`, `departamentos`.`num_departamento`, `departamentos`.`id_edificio`, `c`.`nombre`, `c`.`ape_pat`, `c`.`ape_mat`, `c`.`correo`, `l`.`id_lectura`, COALESCE(l.lectura_ini, 0) as lectura_ini, COALESCE(l.lectura_fin, 0) as lectura_fin, COALESCE(l.consumo_m3, 0) as consumo_m3, COALESCE(l.consumos_litros, 0) as consumos_litros, COALESCE(l.total_a_pagar, 0) as total_a_pagar, `l`.`periodo`, `l`.`pagado`, `e`.`num_edificio` as `nombre_edificio`, (
                            SELECT SUM(CASE WHEN m.tipo = \'cargo\' THEN m.monto ELSE -m.monto END)
                            FROM movimientos m
                            WHERE m.id_departamento = departamentos.id_departamento
                            AND m.referencia_id = l.id_lectura
                            AND m.referencia_tipo = \'lectura\'
                        ) as saldo_pendiente
FROM `departamentos`
LEFT JOIN `clientes` `c` ON `departamentos`.`id_cliente` = `c`.`id_cliente`
LEFT JOIN `edificios` `e` ON `departamentos`.`id_edificio` = `e`.`id_edificio`
LEFT JOIN `lectura` `l` ON `departamentos`.`id_departamento` = `l`.`id_departamento` AND `l`.`periodo` = \'26-03-2026 26-04-2026\'
WHERE `departamentos`.`id_edificio` = :departamentos.id_edificio:
ORDER BY `departamentos`.`id_departamento` ASC', [...], false)
 5 SYSTEMPATH\Model.php(253): CodeIgniter\Database\BaseBuilder->get()
 6 SYSTEMPATH\BaseModel.php(676): CodeIgniter\Model->doFindAll(0, 0)
 7 APPPATH\Models\DepartamentoModel.php(62): CodeIgniter\BaseModel->findAll()
 8 APPPATH\Controllers\Historial.php(50): App\Models\DepartamentoModel->getDeptosConLectura('198', '26-03-2026 26-04-2026')
 9 SYSTEMPATH\CodeIgniter.php(951): App\Controllers\Historial->getList('198')
10 SYSTEMPATH\CodeIgniter.php(497): CodeIgniter\CodeIgniter->runController(Object(App\Controllers\Historial))
11 SYSTEMPATH\CodeIgniter.php(340): CodeIgniter\CodeIgniter->handleRequest(null, Object(Config\Cache), false)
12 SYSTEMPATH\Boot.php(417): CodeIgniter\CodeIgniter->run()
13 SYSTEMPATH\Boot.php(68): CodeIgniter\Boot::runCodeIgniter(Object(CodeIgniter\CodeIgniter))
14 FCPATH\index.php(59): CodeIgniter\Boot::bootWeb(Object(Config\Paths))
ERROR - 2026-04-26 22:29:16 --> [Historial] Error getList: Unknown column 'l.pagado' in 'field list'
ERROR - 2026-04-26 22:29:35 --> Unknown column 'l.pagado' in 'field list'
in SYSTEMPATH\Database\MySQLi\Connection.php on line 300.
 1 SYSTEMPATH\Database\MySQLi\Connection.php(300): mysqli->query('SELECT `departamentos`.`id_departamento`, `departamentos`.`num_departamento`, `departamentos`.`id_edificio`, `c`.`nombre`, `c`.`ape_pat`, `c`.`ape_mat`, `c`.`correo`, `l`.`id_lectura`, COALESCE(l.lectura_ini, 0) as lectura_ini, COALESCE(l.lectura_fin, 0) as lectura_fin, COALESCE(l.consumo_m3, 0) as consumo_m3, COALESCE(l.consumos_litros, 0) as consumos_litros, COALESCE(l.total_a_pagar, 0) as total_a_pagar, `l`.`periodo`, `l`.`pagado`, `e`.`num_edificio` as `nombre_edificio`, (
                            SELECT SUM(CASE WHEN m.tipo = \'cargo\' THEN m.monto ELSE -m.monto END)
                            FROM movimientos m
                            WHERE m.id_departamento = departamentos.id_departamento
                            AND m.referencia_id = l.id_lectura
                            AND m.referencia_tipo = \'lectura\'
                        ) as saldo_pendiente
FROM `departamentos`
LEFT JOIN `clientes` `c` ON `departamentos`.`id_cliente` = `c`.`id_cliente`
LEFT JOIN `edificios` `e` ON `departamentos`.`id_edificio` = `e`.`id_edificio`
LEFT JOIN `lectura` `l` ON `departamentos`.`id_departamento` = `l`.`id_departamento` AND `l`.`periodo` = \'26-03-2026 26-04-2026\'
WHERE `departamentos`.`id_edificio` = \'19\'
ORDER BY `departamentos`.`id_departamento` ASC', 0)
 2 SYSTEMPATH\Database\BaseConnection.php(910): CodeIgniter\Database\MySQLi\Connection->execute('SELECT `departamentos`.`id_departamento`, `departamentos`.`num_departamento`, `departamentos`.`id_edificio`, `c`.`nombre`, `c`.`ape_pat`, `c`.`ape_mat`, `c`.`correo`, `l`.`id_lectura`, COALESCE(l.lectura_ini, 0) as lectura_ini, COALESCE(l.lectura_fin, 0) as lectura_fin, COALESCE(l.consumo_m3, 0) as consumo_m3, COALESCE(l.consumos_litros, 0) as consumos_litros, COALESCE(l.total_a_pagar, 0) as total_a_pagar, `l`.`periodo`, `l`.`pagado`, `e`.`num_edificio` as `nombre_edificio`, (
                            SELECT SUM(CASE WHEN m.tipo = \'cargo\' THEN m.monto ELSE -m.monto END)
                            FROM movimientos m
                            WHERE m.id_departamento = departamentos.id_departamento
                            AND m.referencia_id = l.id_lectura
                            AND m.referencia_tipo = \'lectura\'
                        ) as saldo_pendiente
FROM `departamentos`
LEFT JOIN `clientes` `c` ON `departamentos`.`id_cliente` = `c`.`id_cliente`
LEFT JOIN `edificios` `e` ON `departamentos`.`id_edificio` = `e`.`id_edificio`
LEFT JOIN `lectura` `l` ON `departamentos`.`id_departamento` = `l`.`id_departamento` AND `l`.`periodo` = \'26-03-2026 26-04-2026\'
WHERE `departamentos`.`id_edificio` = \'19\'
ORDER BY `departamentos`.`id_departamento` ASC')
 3 SYSTEMPATH\Database\BaseConnection.php(827): CodeIgniter\Database\BaseConnection->simpleQuery('SELECT `departamentos`.`id_departamento`, `departamentos`.`num_departamento`, `departamentos`.`id_edificio`, `c`.`nombre`, `c`.`ape_pat`, `c`.`ape_mat`, `c`.`correo`, `l`.`id_lectura`, COALESCE(l.lectura_ini, 0) as lectura_ini, COALESCE(l.lectura_fin, 0) as lectura_fin, COALESCE(l.consumo_m3, 0) as consumo_m3, COALESCE(l.consumos_litros, 0) as consumos_litros, COALESCE(l.total_a_pagar, 0) as total_a_pagar, `l`.`periodo`, `l`.`pagado`, `e`.`num_edificio` as `nombre_edificio`, (
                            SELECT SUM(CASE WHEN m.tipo = \'cargo\' THEN m.monto ELSE -m.monto END)
                            FROM movimientos m
                            WHERE m.id_departamento = departamentos.id_departamento
                            AND m.referencia_id = l.id_lectura
                            AND m.referencia_tipo = \'lectura\'
                        ) as saldo_pendiente
FROM `departamentos`
LEFT JOIN `clientes` `c` ON `departamentos`.`id_cliente` = `c`.`id_cliente`
LEFT JOIN `edificios` `e` ON `departamentos`.`id_edificio` = `e`.`id_edificio`
LEFT JOIN `lectura` `l` ON `departamentos`.`id_departamento` = `l`.`id_departamento` AND `l`.`periodo` = \'26-03-2026 26-04-2026\'
WHERE `departamentos`.`id_edificio` = \'19\'
ORDER BY `departamentos`.`id_departamento` ASC')
 4 SYSTEMPATH\Database\BaseBuilder.php(1649): CodeIgniter\Database\BaseConnection->query('SELECT `departamentos`.`id_departamento`, `departamentos`.`num_departamento`, `departamentos`.`id_edificio`, `c`.`nombre`, `c`.`ape_pat`, `c`.`ape_mat`, `c`.`correo`, `l`.`id_lectura`, COALESCE(l.lectura_ini, 0) as lectura_ini, COALESCE(l.lectura_fin, 0) as lectura_fin, COALESCE(l.consumo_m3, 0) as consumo_m3, COALESCE(l.consumos_litros, 0) as consumos_litros, COALESCE(l.total_a_pagar, 0) as total_a_pagar, `l`.`periodo`, `l`.`pagado`, `e`.`num_edificio` as `nombre_edificio`, (
                            SELECT SUM(CASE WHEN m.tipo = \'cargo\' THEN m.monto ELSE -m.monto END)
                            FROM movimientos m
                            WHERE m.id_departamento = departamentos.id_departamento
                            AND m.referencia_id = l.id_lectura
                            AND m.referencia_tipo = \'lectura\'
                        ) as saldo_pendiente
FROM `departamentos`
LEFT JOIN `clientes` `c` ON `departamentos`.`id_cliente` = `c`.`id_cliente`
LEFT JOIN `edificios` `e` ON `departamentos`.`id_edificio` = `e`.`id_edificio`
LEFT JOIN `lectura` `l` ON `departamentos`.`id_departamento` = `l`.`id_departamento` AND `l`.`periodo` = \'26-03-2026 26-04-2026\'
WHERE `departamentos`.`id_edificio` = :departamentos.id_edificio:
ORDER BY `departamentos`.`id_departamento` ASC', [...], false)
 5 SYSTEMPATH\Model.php(253): CodeIgniter\Database\BaseBuilder->get()
 6 SYSTEMPATH\BaseModel.php(676): CodeIgniter\Model->doFindAll(0, 0)
 7 APPPATH\Models\DepartamentoModel.php(62): CodeIgniter\BaseModel->findAll()
 8 APPPATH\Controllers\Historial.php(50): App\Models\DepartamentoModel->getDeptosConLectura('19', '26-03-2026 26-04-2026')
 9 SYSTEMPATH\CodeIgniter.php(951): App\Controllers\Historial->getList('19')
10 SYSTEMPATH\CodeIgniter.php(497): CodeIgniter\CodeIgniter->runController(Object(App\Controllers\Historial))
11 SYSTEMPATH\CodeIgniter.php(340): CodeIgniter\CodeIgniter->handleRequest(null, Object(Config\Cache), false)
12 SYSTEMPATH\Boot.php(417): CodeIgniter\CodeIgniter->run()
13 SYSTEMPATH\Boot.php(68): CodeIgniter\Boot::runCodeIgniter(Object(CodeIgniter\CodeIgniter))
14 FCPATH\index.php(59): CodeIgniter\Boot::bootWeb(Object(Config\Paths))
ERROR - 2026-04-26 22:29:35 --> [Historial] Error getList: Unknown column 'l.pagado' in 'field list'
